[handleMsg]:  {
  key: {
    remoteJid: '51977364125@s.whatsapp.net',
    fromMe: false,
    id: '3A865D9B4EB08A23FDF1',
    participant: undefined
  },
  messageTimestamp: 1725595822,
  pushName: 'aileen rodriguez 💗',
  broadcast: false,
  message: Message {
    extendedTextMessage: ExtendedTextMessage { text: 'oli', contextInfo: [ContextInfo] },
    messageContextInfo: MessageContextInfo {
      deviceListMetadata: [DeviceListMetadata],
      deviceListMetadataVersion: 2
    }
  },
  body: 'oli',
  from: '51977364125'
}
[QUEUE_SE_ENVIO]:  {
  ref: 'ans_9faca874-a5a1-43d8-a880-2b94d9bd511f',
  keyword: 'key_174b7a0c-d679-4538-aa1f-38457f5cc67f',
  answer: '__call_action__',
  options: {
    media: null,
    buttons: [],
    capture: false,
    child: null,
    delay: 0,
    idle: null,
    ref: null,
    nested: [],
    keyword: {},
    callback: true
  },
  refSerialize: '7883ced41a524936363daee9229988ec'
}
[handleMsg]:  {
  key: {
    remoteJid: '51977364125@s.whatsapp.net',
    fromMe: false,
    id: '3A51689AFCE5F3C298C0',
    participant: undefined
  },
  messageTimestamp: 1725595841,
  pushName: 'aileen rodriguez 💗',
  broadcast: false,
  message: Message {
    extendedTextMessage: ExtendedTextMessage { text: 'a', contextInfo: [ContextInfo] },
    messageContextInfo: MessageContextInfo {
      deviceListMetadata: [DeviceListMetadata],
      deviceListMetadataVersion: 2
    }
  },
  body: 'a',
  from: '51977364125'
}
[QUEUE_SE_ENVIO]:  {
  ref: 'ans_9faca874-a5a1-43d8-a880-2b94d9bd511f',
  keyword: 'key_174b7a0c-d679-4538-aa1f-38457f5cc67f',
  answer: '__call_action__',
  options: {
    media: null,
    buttons: [],
    capture: false,
    child: null,
    delay: 0,
    idle: null,
    ref: null,
    nested: [],
    keyword: {},
    callback: true
  },
  refSerialize: '7883ced41a524936363daee9229988ec'
}
[handleMsg]:  {
  key: {
    remoteJid: '51977364125@s.whatsapp.net',
    fromMe: false,
    id: '3A7B1337C8E640D1C482',
    participant: undefined
  },
  messageTimestamp: 1725595850,
  pushName: 'aileen rodriguez 💗',
  broadcast: false,
  message: Message {
    extendedTextMessage: ExtendedTextMessage { text: 'bien', contextInfo: [ContextInfo] },
    messageContextInfo: MessageContextInfo {
      deviceListMetadata: [DeviceListMetadata],
      deviceListMetadataVersion: 2
    }
  },
  body: 'bien',
  from: '51977364125'
}
[QUEUE_SE_ENVIO]:  {
  ref: 'ans_9faca874-a5a1-43d8-a880-2b94d9bd511f',
  keyword: 'key_174b7a0c-d679-4538-aa1f-38457f5cc67f',
  answer: '__call_action__',
  options: {
    media: null,
    buttons: [],
    capture: false,
    child: null,
    delay: 0,
    idle: null,
    ref: null,
    nested: [],
    keyword: {},
    callback: true
  },
  refSerialize: '7883ced41a524936363daee9229988ec'
}
[handleMsg]:  {
  key: {
    remoteJid: '51977364125@s.whatsapp.net',
    fromMe: false,
    id: '3A1C691A5A9995106965',
    participant: undefined
  },
  messageTimestamp: 1725595885,
  pushName: 'aileen rodriguez 💗',
  broadcast: false,
  message: Message {
    extendedTextMessage: ExtendedTextMessage {
      text: 'ayudame a dormir',
      contextInfo: [ContextInfo]
    },
    messageContextInfo: MessageContextInfo {
      deviceListMetadata: [DeviceListMetadata],
      deviceListMetadataVersion: 2
    }
  },
  body: 'ayudame a dormir',
  from: '51977364125'
}
[QUEUE_SE_ENVIO]:  {
  ref: 'ans_9faca874-a5a1-43d8-a880-2b94d9bd511f',
  keyword: 'key_174b7a0c-d679-4538-aa1f-38457f5cc67f',
  answer: '__call_action__',
  options: {
    media: null,
    buttons: [],
    capture: false,
    child: null,
    delay: 0,
    idle: null,
    ref: null,
    nested: [],
    keyword: {},
    callback: true
  },
  refSerialize: '7883ced41a524936363daee9229988ec'
}
[handleMsg]:  {
  key: {
    remoteJid: '51977364125@s.whatsapp.net',
    fromMe: false,
    id: '3A0D8505F73A8A614F06',
    participant: undefined
  },
  messageTimestamp: 1725595917,
  pushName: 'aileen rodriguez 💗',
  broadcast: false,
  message: Message {
    extendedTextMessage: ExtendedTextMessage {
      text: 'romantica',
      contextInfo: [ContextInfo]
    },
    messageContextInfo: MessageContextInfo {
      deviceListMetadata: [DeviceListMetadata],
      deviceListMetadataVersion: 2
    }
  },
  status: 4,
  body: 'romantica',
  from: '51977364125'
}
[QUEUE_SE_ENVIO]:  {
  ref: 'ans_9faca874-a5a1-43d8-a880-2b94d9bd511f',
  keyword: 'key_174b7a0c-d679-4538-aa1f-38457f5cc67f',
  answer: '__call_action__',
  options: {
    media: null,
    buttons: [],
    capture: false,
    child: null,
    delay: 0,
    idle: null,
    ref: null,
    nested: [],
    keyword: {},
    callback: true
  },
  refSerialize: '7883ced41a524936363daee9229988ec'
}
[handleMsg]:  {
  key: {
    remoteJid: '51977364125@s.whatsapp.net',
    fromMe: false,
    id: '3ABE05A5F637CB758964',
    participant: undefined
  },
  messageTimestamp: 1725595933,
  pushName: 'aileen rodriguez 💗',
  broadcast: false,
  message: Message {
    extendedTextMessage: ExtendedTextMessage {
      text: 'romantica',
      contextInfo: [ContextInfo]
    },
    messageContextInfo: MessageContextInfo {
      deviceListMetadata: [DeviceListMetadata],
      deviceListMetadataVersion: 2
    }
  },
  body: 'romantica',
  from: '51977364125'
}
[QUEUE_SE_ENVIO]:  {
  ref: 'ans_9faca874-a5a1-43d8-a880-2b94d9bd511f',
  keyword: 'key_174b7a0c-d679-4538-aa1f-38457f5cc67f',
  answer: '__call_action__',
  options: {
    media: null,
    buttons: [],
    capture: false,
    child: null,
    delay: 0,
    idle: null,
    ref: null,
    nested: [],
    keyword: {},
    callback: true
  },
  refSerialize: '7883ced41a524936363daee9229988ec'
}
[handleMsg]:  {
  key: {
    remoteJid: '51991576027@s.whatsapp.net',
    fromMe: false,
    id: '2DAF034918AD5375712C7D90475DEBF6',
    participant: undefined
  },
  messageTimestamp: 1725595947,
  pushName: 'Franchesca Arzola',
  broadcast: false,
  message: Message {
    conversation: 'Por qué mi grupo de Machine Learning usó puro Chat GPT?',
    messageContextInfo: MessageContextInfo {
      deviceListMetadata: [DeviceListMetadata],
      deviceListMetadataVersion: 2
    }
  },
  body: 'Por qué mi grupo de Machine Learning usó puro Chat GPT?',
  from: '51991576027'
}
[handleMsg]:  {
  key: {
    remoteJid: '51977364125@s.whatsapp.net',
    fromMe: false,
    id: '3ABF48EA1B8433CA16EE',
    participant: undefined
  },
  messageTimestamp: 1725595950,
  pushName: 'aileen rodriguez 💗',
  broadcast: false,
  message: Message {
    extendedTextMessage: ExtendedTextMessage { text: 'poto ya', contextInfo: [ContextInfo] },
    messageContextInfo: MessageContextInfo {
      deviceListMetadata: [DeviceListMetadata],
      deviceListMetadataVersion: 2
    }
  },
  body: 'poto ya',
  from: '51977364125'
}
[handleMsg]:  {
  key: {
    remoteJid: '51977364125@s.whatsapp.net',
    fromMe: false,
    id: '3ABCD7E8443FE98237BB',
    participant: undefined
  },
  messageTimestamp: 1725595973,
  pushName: 'aileen rodriguez 💗',
  broadcast: false,
  message: Message {
    extendedTextMessage: ExtendedTextMessage {
      text: 'amor tengo sueño, ya voy a descansar',
      contextInfo: [ContextInfo]
    },
    messageContextInfo: MessageContextInfo {
      deviceListMetadata: [DeviceListMetadata],
      deviceListMetadataVersion: 2
    }
  },
  body: 'amor tengo sueño, ya voy a descansar',
  from: '51977364125'
}
[handleMsg]:  {
  key: {
    remoteJid: '51977364125@s.whatsapp.net',
    fromMe: false,
    id: '3A582D5EF44E6FBEF422',
    participant: undefined
  },
  messageTimestamp: 1725595977,
  pushName: 'aileen rodriguez 💗',
  broadcast: false,
  message: Message {
    extendedTextMessage: ExtendedTextMessage {
      text: 'está gosu',
      contextInfo: [ContextInfo]
    },
    messageContextInfo: MessageContextInfo {
      deviceListMetadata: [DeviceListMetadata],
      deviceListMetadataVersion: 2
    }
  },
  body: 'está gosu',
  from: '51977364125'
}
[handleMsg]:  {
  key: {
    remoteJid: '51977364125@s.whatsapp.net',
    fromMe: false,
    id: '3A66A9E9F0F75C9A8371',
    participant: undefined
  },
  messageTimestamp: 1725595982,
  pushName: 'aileen rodriguez 💗',
  broadcast: false,
  message: Message {
    extendedTextMessage: ExtendedTextMessage { text: 'jeje', contextInfo: [ContextInfo] },
    messageContextInfo: MessageContextInfo {
      deviceListMetadata: [DeviceListMetadata],
      deviceListMetadataVersion: 2
    }
  },
  body: 'jeje',
  from: '51977364125'
}
[handleMsg]:  {
  key: {
    remoteJid: '51977364125@s.whatsapp.net',
    fromMe: false,
    id: '3A8F64F7FA7ED211158E',
    participant: undefined
  },
  messageTimestamp: 1725595995,
  pushName: 'aileen rodriguez 💗',
  broadcast: false,
  message: Message {
    extendedTextMessage: ExtendedTextMessage {
      text: 'te amo mucho',
      contextInfo: [ContextInfo]
    },
    messageContextInfo: MessageContextInfo {
      deviceListMetadata: [DeviceListMetadata],
      deviceListMetadataVersion: 2
    }
  },
  body: 'te amo mucho',
  from: '51977364125'
}
[QUEUE_SE_ENVIO]:  {
  ref: 'ans_9faca874-a5a1-43d8-a880-2b94d9bd511f',
  keyword: 'key_174b7a0c-d679-4538-aa1f-38457f5cc67f',
  answer: '__call_action__',
  options: {
    media: null,
    buttons: [],
    capture: false,
    child: null,
    delay: 0,
    idle: null,
    ref: null,
    nested: [],
    keyword: {},
    callback: true
  },
  refSerialize: '7883ced41a524936363daee9229988ec'
}
[handleMsg]:  {
  key: {
    remoteJid: '51933851993@s.whatsapp.net',
    fromMe: false,
    id: 'ED2DC4467D8D7FA68DE389B7D37F21A8',
    participant: undefined
  },
  messageTimestamp: 1725596004,
  pushName: 'Tu Socia Import',
  broadcast: false,
  message: Message {
    conversation: '🥲',
    messageContextInfo: MessageContextInfo {
      deviceListMetadata: [DeviceListMetadata],
      deviceListMetadataVersion: 2
    }
  },
  verifiedBizName: 'Tu Socia Import',
  body: '🥲',
  from: '51933851993'
}
[QUEUE_SE_ENVIO]:  {
  ref: 'ans_9faca874-a5a1-43d8-a880-2b94d9bd511f',
  keyword: 'key_174b7a0c-d679-4538-aa1f-38457f5cc67f',
  answer: '__call_action__',
  options: {
    media: null,
    buttons: [],
    capture: false,
    child: null,
    delay: 0,
    idle: null,
    ref: null,
    nested: [],
    keyword: {},
    callback: true
  },
  refSerialize: '7883ced41a524936363daee9229988ec'
}
[handleMsg]:  {
  key: {
    remoteJid: '51977364125@s.whatsapp.net',
    fromMe: false,
    id: '3ADA509016CF72BCBBFD',
    participant: undefined
  },
  messageTimestamp: 1725596014,
  pushName: 'aileen rodriguez 💗',
  broadcast: false,
  message: Message {
    extendedTextMessage: ExtendedTextMessage {
      text: 'esta parte',
      contextInfo: [ContextInfo]
    },
    messageContextInfo: MessageContextInfo {
      deviceListMetadata: [DeviceListMetadata],
      deviceListMetadataVersion: 2
    }
  },
  body: 'esta parte',
  from: '51977364125'
}
[QUEUE_SE_ENVIO]:  {
  ref: 'ans_9faca874-a5a1-43d8-a880-2b94d9bd511f',
  keyword: 'key_174b7a0c-d679-4538-aa1f-38457f5cc67f',
  answer: '__call_action__',
  options: {
    media: null,
    buttons: [],
    capture: false,
    child: null,
    delay: 0,
    idle: null,
    ref: null,
    nested: [],
    keyword: {},
    callback: true
  },
  refSerialize: '7883ced41a524936363daee9229988ec'
}
[handleMsg]:  {
  key: {
    remoteJid: '51933851993@s.whatsapp.net',
    fromMe: false,
    id: 'F289A8BEE1E0D19FCD8D37A17ED90790',
    participant: undefined
  },
  messageTimestamp: 1725596015,
  pushName: 'Tu Socia Import',
  broadcast: false,
  message: Message {
    conversation: 'Hola',
    messageContextInfo: MessageContextInfo {
      deviceListMetadata: [DeviceListMetadata],
      deviceListMetadataVersion: 2
    }
  },
  verifiedBizName: 'Tu Socia Import',
  body: 'Hola',
  from: '51933851993'
}
[QUEUE_SE_ENVIO]:  {
  ref: 'ans_9faca874-a5a1-43d8-a880-2b94d9bd511f',
  keyword: 'key_174b7a0c-d679-4538-aa1f-38457f5cc67f',
  answer: '__call_action__',
  options: {
    media: null,
    buttons: [],
    capture: false,
    child: null,
    delay: 0,
    idle: null,
    ref: null,
    nested: [],
    keyword: {},
    callback: true
  },
  refSerialize: '7883ced41a524936363daee9229988ec'
}
[handleMsg]:  {
  key: {
    remoteJid: '51991576027@s.whatsapp.net',
    fromMe: false,
    id: '963B5B873FBDD200EB05E5168A51AB83',
    participant: undefined
  },
  messageTimestamp: 1725596019,
  pushName: 'Franchesca Arzola',
  broadcast: false,
  message: Message {
    extendedTextMessage: ExtendedTextMessage {
      text: 'JAJAJAJAJAJAJA NOOOO',
      previewType: 0,
      contextInfo: [ContextInfo],
      inviteLinkGroupTypeV2: 0
    },
    messageContextInfo: MessageContextInfo {
      deviceListMetadata: [DeviceListMetadata],
      deviceListMetadataVersion: 2
    }
  },
  body: 'JAJAJAJAJAJAJA NOOOO',
  from: '51991576027'
}
[handleMsg]:  {
  key: {
    remoteJid: '51977364125@s.whatsapp.net',
    fromMe: false,
    id: '3A7078CB026D58B4B801',
    participant: undefined
  },
  messageTimestamp: 1725596020,
  pushName: 'aileen rodriguez 💗',
  broadcast: false,
  message: Message {
    extendedTextMessage: ExtendedTextMessage {
      text: 'no me respondia',
      contextInfo: [ContextInfo]
    },
    messageContextInfo: MessageContextInfo {
      deviceListMetadata: [DeviceListMetadata],
      deviceListMetadataVersion: 2
    }
  },
  body: 'no me respondia',
  from: '51977364125'
}
[QUEUE_SE_ENVIO]:  {
  ref: 'ans_9faca874-a5a1-43d8-a880-2b94d9bd511f',
  keyword: 'key_174b7a0c-d679-4538-aa1f-38457f5cc67f',
  answer: '__call_action__',
  options: {
    media: null,
    buttons: [],
    capture: false,
    child: null,
    delay: 0,
    idle: null,
    ref: null,
    nested: [],
    keyword: {},
    callback: true
  },
  refSerialize: '7883ced41a524936363daee9229988ec'
}
[QUEUE_SE_ENVIO]:  {
  ref: 'ans_9faca874-a5a1-43d8-a880-2b94d9bd511f',
  keyword: 'key_174b7a0c-d679-4538-aa1f-38457f5cc67f',
  answer: '__call_action__',
  options: {
    media: null,
    buttons: [],
    capture: false,
    child: null,
    delay: 0,
    idle: null,
    ref: null,
    nested: [],
    keyword: {},
    callback: true
  },
  refSerialize: '7883ced41a524936363daee9229988ec'
}
[handleMsg]:  {
  key: {
    remoteJid: '51991576027@s.whatsapp.net',
    fromMe: false,
    id: '04B45EB40C39FA25D5F144D01D51F482',
    participant: undefined
  },
  messageTimestamp: 1725596030,
  pushName: 'Franchesca Arzola',
  broadcast: false,
  message: Message {
    conversation: 'Que barbaro',
    messageContextInfo: MessageContextInfo {
      deviceListMetadata: [DeviceListMetadata],
      deviceListMetadataVersion: 2
    }
  },
  body: 'Que barbaro',
  from: '51991576027'
}
[QUEUE_SE_ENVIO]:  {
  ref: 'ans_9faca874-a5a1-43d8-a880-2b94d9bd511f',
  keyword: 'key_174b7a0c-d679-4538-aa1f-38457f5cc67f',
  answer: '__call_action__',
  options: {
    media: null,
    buttons: [],
    capture: false,
    child: null,
    delay: 0,
    idle: null,
    ref: null,
    nested: [],
    keyword: {},
    callback: true
  },
  refSerialize: '7883ced41a524936363daee9229988ec'
}
[handleMsg]:  {
  key: {
    remoteJid: '51933851993@s.whatsapp.net',
    fromMe: false,
    id: '3EB02628E9254C34CF1EDA',
    participant: undefined
  },
  messageTimestamp: 1725596039,
  pushName: 'Tu Socia Import',
  broadcast: false,
  message: Message {
    protocolMessage: ProtocolMessage {
      type: 4,
      ephemeralExpiration: 0,
      ephemeralSettingTimestamp: [Long],
      disappearingMode: [DisappearingMode]
    },
    messageContextInfo: MessageContextInfo {
      deviceListMetadata: [DeviceListMetadata],
      deviceListMetadataVersion: 2
    }
  },
  verifiedBizName: 'Tu Socia Import',
  body: '',
  from: '51933851993'
}
[handleMsg]:  {
  key: {
    remoteJid: '51977364125@s.whatsapp.net',
    fromMe: false,
    id: '3A36A74DC06F8B797C7D',
    participant: undefined
  },
  messageTimestamp: 1725596048,
  pushName: 'aileen rodriguez 💗',
  broadcast: false,
  message: Message {
    stickerMessage: StickerMessage {
      url: 'https://mmg.whatsapp.net/v/t62.15575-24/11811799_817425870547633_2154133327699261862_n.enc?ccb=11-4&oh=01_Q5AaIPi_rCwryHt_HH3BxIEQFFC-I81bcTGjkEOWRnMDejMB&oe=67020D6E&_nc_sid=5e03e0&mms3=true',
      fileSha256: [Uint8Array],
      fileEncSha256: [Uint8Array],
      mediaKey: [Uint8Array],
      mimetype: 'image/webp',
      directPath: '/v/t62.15575-24/11811799_817425870547633_2154133327699261862_n.enc?ccb=11-4&oh=01_Q5AaIPi_rCwryHt_HH3BxIEQFFC-I81bcTGjkEOWRnMDejMB&oe=67020D6E&_nc_sid=5e03e0',
      fileLength: [Long],
      mediaKeyTimestamp: [Long],
      isAnimated: false,
      contextInfo: [ContextInfo],
      stickerSentTs: [Long],
      isAvatar: false
    },
    messageContextInfo: MessageContextInfo {
      deviceListMetadata: [DeviceListMetadata],
      deviceListMetadataVersion: 2
    }
  },
  body: '_event_media__f6aa6e78-e91a-4330-b001-531ef627724c',
  from: '51977364125'
}
[QUEUE_SE_ENVIO]:  {
  ref: 'ans_9faca874-a5a1-43d8-a880-2b94d9bd511f',
  keyword: 'key_174b7a0c-d679-4538-aa1f-38457f5cc67f',
  answer: '__call_action__',
  options: {
    media: null,
    buttons: [],
    capture: false,
    child: null,
    delay: 0,
    idle: null,
    ref: null,
    nested: [],
    keyword: {},
    callback: true
  },
  refSerialize: '7883ced41a524936363daee9229988ec'
}
[QUEUE_SE_ENVIO]:  {
  ref: 'ans_9faca874-a5a1-43d8-a880-2b94d9bd511f',
  keyword: 'key_174b7a0c-d679-4538-aa1f-38457f5cc67f',
  answer: '__call_action__',
  options: {
    media: null,
    buttons: [],
    capture: false,
    child: null,
    delay: 0,
    idle: null,
    ref: null,
    nested: [],
    keyword: {},
    callback: true
  },
  refSerialize: '7883ced41a524936363daee9229988ec'
}
[QUEUE_SE_ENVIO]:  {
  ref: 'ans_9faca874-a5a1-43d8-a880-2b94d9bd511f',
  keyword: 'key_174b7a0c-d679-4538-aa1f-38457f5cc67f',
  answer: '__call_action__',
  options: {
    media: null,
    buttons: [],
    capture: false,
    child: null,
    delay: 0,
    idle: null,
    ref: null,
    nested: [],
    keyword: {},
    callback: true
  },
  refSerialize: '7883ced41a524936363daee9229988ec'
}
[QUEUE_SE_ENVIO]:  {
  ref: 'ans_9faca874-a5a1-43d8-a880-2b94d9bd511f',
  keyword: 'key_174b7a0c-d679-4538-aa1f-38457f5cc67f',
  answer: '__call_action__',
  options: {
    media: null,
    buttons: [],
    capture: false,
    child: null,
    delay: 0,
    idle: null,
    ref: null,
    nested: [],
    keyword: {},
    callback: true
  },
  refSerialize: '7883ced41a524936363daee9229988ec'
}
[QUEUE_SE_ENVIO]:  {
  ref: 'ans_9faca874-a5a1-43d8-a880-2b94d9bd511f',
  keyword: 'key_174b7a0c-d679-4538-aa1f-38457f5cc67f',
  answer: '__call_action__',
  options: {
    media: null,
    buttons: [],
    capture: false,
    child: null,
    delay: 0,
    idle: null,
    ref: null,
    nested: [],
    keyword: {},
    callback: true
  },
  refSerialize: '7883ced41a524936363daee9229988ec'
}
[handleMsg]:  {
  key: {
    remoteJid: '51991576027@s.whatsapp.net',
    fromMe: false,
    id: '68A21BFC89A0B4DA682238419F5A5B44',
    participant: undefined
  },
  messageTimestamp: 1725596086,
  pushName: 'Franchesca Arzola',
  broadcast: false,
  message: Message {
    conversation: 'Qué opinas de la comida peruana?',
    messageContextInfo: MessageContextInfo {
      deviceListMetadata: [DeviceListMetadata],
      deviceListMetadataVersion: 2
    }
  },
  body: 'Qué opinas de la comida peruana?',
  from: '51991576027'
}
[QUEUE_SE_ENVIO]:  {
  ref: 'ans_9faca874-a5a1-43d8-a880-2b94d9bd511f',
  keyword: 'key_174b7a0c-d679-4538-aa1f-38457f5cc67f',
  answer: '__call_action__',
  options: {
    media: null,
    buttons: [],
    capture: false,
    child: null,
    delay: 0,
    idle: null,
    ref: null,
    nested: [],
    keyword: {},
    callback: true
  },
  refSerialize: '7883ced41a524936363daee9229988ec'
}
[handleMsg]:  {
  key: {
    remoteJid: '51991576027@s.whatsapp.net',
    fromMe: false,
    id: '25C5CF6E28EE7F005AA17F8A12BDF35D',
    participant: undefined
  },
  messageTimestamp: 1725596142,
  pushName: 'Franchesca Arzola',
  broadcast: false,
  message: Message {
    imageMessage: ImageMessage {
      interactiveAnnotations: [],
      scanLengths: [Array],
      url: 'https://mmg.whatsapp.net/v/t62.7118-24/29695594_2169010640139755_8031931669916644577_n.enc?ccb=11-4&oh=01_Q5AaIC3YBVgw97RK4lv2tW3zFjnN7SsAWFBlajdVDPN177kF&oe=6701F75A&_nc_sid=5e03e0&mms3=true',
      mimetype: 'image/jpeg',
      caption: 'Qué opinas de este plato?',
      fileSha256: [Uint8Array],
      fileLength: [Long],
      height: 1600,
      width: 1200,
      mediaKey: [Uint8Array],
      fileEncSha256: [Uint8Array],
      directPath: '/v/t62.7118-24/29695594_2169010640139755_8031931669916644577_n.enc?ccb=11-4&oh=01_Q5AaIC3YBVgw97RK4lv2tW3zFjnN7SsAWFBlajdVDPN177kF&oe=6701F75A&_nc_sid=5e03e0',
      mediaKeyTimestamp: [Long],
      jpegThumbnail: [Uint8Array],
      scansSidecar: [Uint8Array],
      midQualityFileSha256: [Uint8Array]
    },
    messageContextInfo: MessageContextInfo {
      deviceListMetadata: [DeviceListMetadata],
      deviceListMetadataVersion: 2
    }
  },
  body: '_event_media__f120d525-25b8-4ed5-beb4-63f8dbbba124',
  from: '51991576027'
}
[handleMsg]:  {
  key: {
    remoteJid: '51991576027@s.whatsapp.net',
    fromMe: false,
    id: '268CD80CFC7F666EDB7C28FD3864475A',
    participant: undefined
  },
  messageTimestamp: 1725596194,
  pushName: 'Franchesca Arzola',
  broadcast: false,
  message: Message {
    conversation: 'Tenía que intentarlo',
    messageContextInfo: MessageContextInfo {
      deviceListMetadata: [DeviceListMetadata],
      deviceListMetadataVersion: 2
    }
  },
  body: 'Tenía que intentarlo',
  from: '51991576027'
}
[QUEUE_SE_ENVIO]:  {
  ref: 'ans_9faca874-a5a1-43d8-a880-2b94d9bd511f',
  keyword: 'key_174b7a0c-d679-4538-aa1f-38457f5cc67f',
  answer: '__call_action__',
  options: {
    media: null,
    buttons: [],
    capture: false,
    child: null,
    delay: 0,
    idle: null,
    ref: null,
    nested: [],
    keyword: {},
    callback: true
  },
  refSerialize: '7883ced41a524936363daee9229988ec'
}
[handleMsg]:  {
  key: {
    remoteJid: '51991576027@s.whatsapp.net',
    fromMe: false,
    id: 'FAB03973392A2AAF6EDE69342167FA23',
    participant: undefined
  },
  messageTimestamp: 1725596206,
  pushName: 'Franchesca Arzola',
  broadcast: false,
  message: Message {
    conversation: 'Ya silencio chat gpt 2.0',
    messageContextInfo: MessageContextInfo {
      deviceListMetadata: [DeviceListMetadata],
      deviceListMetadataVersion: 2
    }
  },
  status: 4,
  body: 'Ya silencio chat gpt 2.0',
  from: '51991576027'
}
[QUEUE_SE_ENVIO]:  {
  ref: 'ans_9faca874-a5a1-43d8-a880-2b94d9bd511f',
  keyword: 'key_174b7a0c-d679-4538-aa1f-38457f5cc67f',
  answer: '__call_action__',
  options: {
    media: null,
    buttons: [],
    capture: false,
    child: null,
    delay: 0,
    idle: null,
    ref: null,
    nested: [],
    keyword: {},
    callback: true
  },
  refSerialize: '7883ced41a524936363daee9229988ec'
}
[handleMsg]:  {
  key: {
    remoteJid: '51924516020@s.whatsapp.net',
    fromMe: false,
    id: '67B491C021171FDB65',
    participant: undefined
  },
  messageTimestamp: 1725596246,
  pushName: 'Sabrina',
  broadcast: false,
  message: Message {
    extendedTextMessage: ExtendedTextMessage { text: 'hola', contextInfo: [ContextInfo] },
    messageContextInfo: MessageContextInfo {
      deviceListMetadata: [DeviceListMetadata],
      deviceListMetadataVersion: 2
    }
  },
  body: 'hola',
  from: '51924516020'
}
[QUEUE_SE_ENVIO]:  {
  ref: 'ans_9faca874-a5a1-43d8-a880-2b94d9bd511f',
  keyword: 'key_174b7a0c-d679-4538-aa1f-38457f5cc67f',
  answer: '__call_action__',
  options: {
    media: null,
    buttons: [],
    capture: false,
    child: null,
    delay: 0,
    idle: null,
    ref: null,
    nested: [],
    keyword: {},
    callback: true
  },
  refSerialize: '7883ced41a524936363daee9229988ec'
}
[handleMsg]:  {
  key: {
    remoteJid: '51924516020@s.whatsapp.net',
    fromMe: false,
    id: '94DD91204CE9E14573',
    participant: undefined
  },
  messageTimestamp: 1725596261,
  pushName: 'Sabrina',
  broadcast: false,
  message: Message {
    extendedTextMessage: ExtendedTextMessage {
      text: 'mándame fotos de la beba',
      contextInfo: [ContextInfo]
    },
    messageContextInfo: MessageContextInfo {
      deviceListMetadata: [DeviceListMetadata],
      deviceListMetadataVersion: 2
    }
  },
  body: 'mándame fotos de la beba',
  from: '51924516020'
}
[QUEUE_SE_ENVIO]:  {
  ref: 'ans_9faca874-a5a1-43d8-a880-2b94d9bd511f',
  keyword: 'key_174b7a0c-d679-4538-aa1f-38457f5cc67f',
  answer: '__call_action__',
  options: {
    media: null,
    buttons: [],
    capture: false,
    child: null,
    delay: 0,
    idle: null,
    ref: null,
    nested: [],
    keyword: {},
    callback: true
  },
  refSerialize: '7883ced41a524936363daee9229988ec'
}
[handleMsg]:  {
  key: {
    remoteJid: '51924516020@s.whatsapp.net',
    fromMe: false,
    id: '3EF4A9F0ABF0F260AF',
    participant: undefined
  },
  messageTimestamp: 1725596301,
  pushName: 'Sabrina',
  broadcast: false,
  message: Message {
    extendedTextMessage: ExtendedTextMessage {
      text: 'mandame fotos de sideral',
      contextInfo: [ContextInfo]
    },
    messageContextInfo: MessageContextInfo {
      deviceListMetadata: [DeviceListMetadata],
      deviceListMetadataVersion: 2
    }
  },
  body: 'mandame fotos de sideral',
  from: '51924516020'
}
[QUEUE_SE_ENVIO]:  {
  ref: 'ans_9faca874-a5a1-43d8-a880-2b94d9bd511f',
  keyword: 'key_174b7a0c-d679-4538-aa1f-38457f5cc67f',
  answer: '__call_action__',
  options: {
    media: null,
    buttons: [],
    capture: false,
    child: null,
    delay: 0,
    idle: null,
    ref: null,
    nested: [],
    keyword: {},
    callback: true
  },
  refSerialize: '7883ced41a524936363daee9229988ec'
}
[handleMsg]:  {
  key: {
    remoteJid: '51924516020@s.whatsapp.net',
    fromMe: false,
    id: 'C19BCEA7204DCE6734',
    participant: undefined
  },
  messageTimestamp: 1725596326,
  pushName: 'Sabrina',
  broadcast: false,
  message: Message {
    extendedTextMessage: ExtendedTextMessage {
      text: 'mandame fotos de furros',
      contextInfo: [ContextInfo]
    },
    messageContextInfo: MessageContextInfo {
      deviceListMetadata: [DeviceListMetadata],
      deviceListMetadataVersion: 2
    }
  },
  body: 'mandame fotos de furros',
  from: '51924516020'
}
[QUEUE_SE_ENVIO]:  {
  ref: 'ans_9faca874-a5a1-43d8-a880-2b94d9bd511f',
  keyword: 'key_174b7a0c-d679-4538-aa1f-38457f5cc67f',
  answer: '__call_action__',
  options: {
    media: null,
    buttons: [],
    capture: false,
    child: null,
    delay: 0,
    idle: null,
    ref: null,
    nested: [],
    keyword: {},
    callback: true
  },
  refSerialize: '7883ced41a524936363daee9229988ec'
}
[handleMsg]:  {
  key: {
    remoteJid: '51924516020@s.whatsapp.net',
    fromMe: false,
    id: '7BA51205176D6CBF10',
    participant: undefined
  },
  messageTimestamp: 1725596346,
  pushName: 'Sabrina',
  broadcast: false,
  message: Message {
    extendedTextMessage: ExtendedTextMessage {
      text: 'fotos de personas disfrazadas de animales',
      contextInfo: [ContextInfo]
    },
    messageContextInfo: MessageContextInfo {
      deviceListMetadata: [DeviceListMetadata],
      deviceListMetadataVersion: 2
    }
  },
  body: 'fotos de personas disfrazadas de animales',
  from: '51924516020'
}
[QUEUE_SE_ENVIO]:  {
  ref: 'ans_9faca874-a5a1-43d8-a880-2b94d9bd511f',
  keyword: 'key_174b7a0c-d679-4538-aa1f-38457f5cc67f',
  answer: '__call_action__',
  options: {
    media: null,
    buttons: [],
    capture: false,
    child: null,
    delay: 0,
    idle: null,
    ref: null,
    nested: [],
    keyword: {},
    callback: true
  },
  refSerialize: '7883ced41a524936363daee9229988ec'
}
[handleMsg]:  {
  key: {
    remoteJid: '51924516020@s.whatsapp.net',
    fromMe: false,
    id: 'D7060DB57978B3DA40',
    participant: undefined
  },
  messageTimestamp: 1725596376,
  pushName: 'Sabrina',
  broadcast: false,
  message: Message {
    extendedTextMessage: ExtendedTextMessage { text: '🧐', contextInfo: [ContextInfo] },
    messageContextInfo: MessageContextInfo {
      deviceListMetadata: [DeviceListMetadata],
      deviceListMetadataVersion: 2
    }
  },
  body: '🧐',
  from: '51924516020'
}
[handleMsg]:  {
  key: {
    remoteJid: '51924516020@s.whatsapp.net',
    fromMe: false,
    id: 'E781F78BFE6E85FAD4',
    participant: undefined
  },
  messageTimestamp: 1725596379,
  pushName: 'Sabrina',
  broadcast: false,
  message: Message {
    extendedTextMessage: ExtendedTextMessage { text: '🧐', contextInfo: [ContextInfo] },
    messageContextInfo: MessageContextInfo {
      deviceListMetadata: [DeviceListMetadata],
      deviceListMetadataVersion: 2
    }
  },
  body: '🧐',
  from: '51924516020'
}
[handleMsg]:  {
  key: {
    remoteJid: '51924516020@s.whatsapp.net',
    fromMe: false,
    id: 'B744205A61E5667BC0',
    participant: undefined
  },
  messageTimestamp: 1725596383,
  pushName: 'Sabrina',
  broadcast: false,
  message: Message {
    extendedTextMessage: ExtendedTextMessage { text: '🧐', contextInfo: [ContextInfo] },
    messageContextInfo: MessageContextInfo {
      deviceListMetadata: [DeviceListMetadata],
      deviceListMetadataVersion: 2
    }
  },
  body: '🧐',
  from: '51924516020'
}
[QUEUE_SE_ENVIO]:  {
  ref: 'ans_9faca874-a5a1-43d8-a880-2b94d9bd511f',
  keyword: 'key_174b7a0c-d679-4538-aa1f-38457f5cc67f',
  answer: '__call_action__',
  options: {
    media: null,
    buttons: [],
    capture: false,
    child: null,
    delay: 0,
    idle: null,
    ref: null,
    nested: [],
    keyword: {},
    callback: true
  },
  refSerialize: '7883ced41a524936363daee9229988ec'
}
[handleMsg]:  {
  key: {
    remoteJid: '51924516020@s.whatsapp.net',
    fromMe: false,
    id: '3D430DC82722B8BFD3',
    participant: undefined
  },
  messageTimestamp: 1725596387,
  pushName: 'Sabrina',
  broadcast: false,
  message: Message {
    extendedTextMessage: ExtendedTextMessage { text: '🧐', contextInfo: [ContextInfo] },
    messageContextInfo: MessageContextInfo {
      deviceListMetadata: [DeviceListMetadata],
      deviceListMetadataVersion: 2
    }
  },
  body: '🧐',
  from: '51924516020'
}
[handleMsg]:  {
  key: {
    remoteJid: '51924516020@s.whatsapp.net',
    fromMe: false,
    id: '30D582C23C94F645DF',
    participant: undefined
  },
  messageTimestamp: 1725596392,
  pushName: 'Sabrina',
  broadcast: false,
  message: Message {
    extendedTextMessage: ExtendedTextMessage { text: '🧐', contextInfo: [ContextInfo] },
    messageContextInfo: MessageContextInfo {
      deviceListMetadata: [DeviceListMetadata],
      deviceListMetadataVersion: 2
    }
  },
  body: '🧐',
  from: '51924516020'
}
[QUEUE_SE_ENVIO]:  {
  ref: 'ans_9faca874-a5a1-43d8-a880-2b94d9bd511f',
  keyword: 'key_174b7a0c-d679-4538-aa1f-38457f5cc67f',
  answer: '__call_action__',
  options: {
    media: null,
    buttons: [],
    capture: false,
    child: null,
    delay: 0,
    idle: null,
    ref: null,
    nested: [],
    keyword: {},
    callback: true
  },
  refSerialize: '7883ced41a524936363daee9229988ec'
}
[handleMsg]:  {
  key: {
    remoteJid: '51924516020@s.whatsapp.net',
    fromMe: false,
    id: 'FA6726BE352B012B15',
    participant: undefined
  },
  messageTimestamp: 1725596396,
  pushName: 'Sabrina',
  broadcast: false,
  message: Message {
    extendedTextMessage: ExtendedTextMessage { text: '🧐', contextInfo: [ContextInfo] },
    messageContextInfo: MessageContextInfo {
      deviceListMetadata: [DeviceListMetadata],
      deviceListMetadataVersion: 2
    }
  },
  body: '🧐',
  from: '51924516020'
}
[QUEUE_SE_ENVIO]:  {
  ref: 'ans_9faca874-a5a1-43d8-a880-2b94d9bd511f',
  keyword: 'key_174b7a0c-d679-4538-aa1f-38457f5cc67f',
  answer: '__call_action__',
  options: {
    media: null,
    buttons: [],
    capture: false,
    child: null,
    delay: 0,
    idle: null,
    ref: null,
    nested: [],
    keyword: {},
    callback: true
  },
  refSerialize: '7883ced41a524936363daee9229988ec'
}
[handleMsg]:  {
  key: {
    remoteJid: '51924516020@s.whatsapp.net',
    fromMe: false,
    id: '01425ADE36C9987CB5',
    participant: undefined
  },
  messageTimestamp: 1725596402,
  pushName: 'Sabrina',
  broadcast: false,
  message: Message {
    extendedTextMessage: ExtendedTextMessage { text: 'O.o', contextInfo: [ContextInfo] },
    messageContextInfo: MessageContextInfo {
      deviceListMetadata: [DeviceListMetadata],
      deviceListMetadataVersion: 2
    }
  },
  body: 'O.o',
  from: '51924516020'
}
[QUEUE_SE_ENVIO]:  {
  ref: 'ans_9faca874-a5a1-43d8-a880-2b94d9bd511f',
  keyword: 'key_174b7a0c-d679-4538-aa1f-38457f5cc67f',
  answer: '__call_action__',
  options: {
    media: null,
    buttons: [],
    capture: false,
    child: null,
    delay: 0,
    idle: null,
    ref: null,
    nested: [],
    keyword: {},
    callback: true
  },
  refSerialize: '7883ced41a524936363daee9229988ec'
}
[QUEUE_SE_ENVIO]:  {
  ref: 'ans_9faca874-a5a1-43d8-a880-2b94d9bd511f',
  keyword: 'key_174b7a0c-d679-4538-aa1f-38457f5cc67f',
  answer: '__call_action__',
  options: {
    media: null,
    buttons: [],
    capture: false,
    child: null,
    delay: 0,
    idle: null,
    ref: null,
    nested: [],
    keyword: {},
    callback: true
  },
  refSerialize: '7883ced41a524936363daee9229988ec'
}
[QUEUE_SE_ENVIO]:  {
  ref: 'ans_9faca874-a5a1-43d8-a880-2b94d9bd511f',
  keyword: 'key_174b7a0c-d679-4538-aa1f-38457f5cc67f',
  answer: '__call_action__',
  options: {
    media: null,
    buttons: [],
    capture: false,
    child: null,
    delay: 0,
    idle: null,
    ref: null,
    nested: [],
    keyword: {},
    callback: true
  },
  refSerialize: '7883ced41a524936363daee9229988ec'
}
[QUEUE_SE_ENVIO]:  {
  ref: 'ans_9faca874-a5a1-43d8-a880-2b94d9bd511f',
  keyword: 'key_174b7a0c-d679-4538-aa1f-38457f5cc67f',
  answer: '__call_action__',
  options: {
    media: null,
    buttons: [],
    capture: false,
    child: null,
    delay: 0,
    idle: null,
    ref: null,
    nested: [],
    keyword: {},
    callback: true
  },
  refSerialize: '7883ced41a524936363daee9229988ec'
}
[handleMsg]:  {
  key: {
    remoteJid: '51924516020@s.whatsapp.net',
    fromMe: false,
    id: '0CDCE011EF4FAB6131',
    participant: undefined
  },
  messageTimestamp: 1725596425,
  pushName: 'Sabrina',
  broadcast: false,
  message: Message {
    extendedTextMessage: ExtendedTextMessage {
      text: 'envíame tu codigo',
      contextInfo: [ContextInfo]
    },
    messageContextInfo: MessageContextInfo {
      deviceListMetadata: [DeviceListMetadata],
      deviceListMetadataVersion: 2
    }
  },
  body: 'envíame tu codigo',
  from: '51924516020'
}
[QUEUE_SE_ENVIO]:  {
  ref: 'ans_9faca874-a5a1-43d8-a880-2b94d9bd511f',
  keyword: 'key_174b7a0c-d679-4538-aa1f-38457f5cc67f',
  answer: '__call_action__',
  options: {
    media: null,
    buttons: [],
    capture: false,
    child: null,
    delay: 0,
    idle: null,
    ref: null,
    nested: [],
    keyword: {},
    callback: true
  },
  refSerialize: '7883ced41a524936363daee9229988ec'
}
[handleMsg]:  {
  key: {
    remoteJid: '51924516020@s.whatsapp.net',
    fromMe: false,
    id: '7CCB5942B8DB8D9479',
    participant: undefined
  },
  messageTimestamp: 1725596504,
  pushName: 'Sabrina',
  broadcast: false,
  message: Message {
    extendedTextMessage: ExtendedTextMessage {
      text: 'xddddddddddddddddddddddd',
      contextInfo: [ContextInfo]
    },
    messageContextInfo: MessageContextInfo {
      deviceListMetadata: [DeviceListMetadata],
      deviceListMetadataVersion: 2
    }
  },
  body: 'xddddddddddddddddddddddd',
  from: '51924516020'
}
[handleMsg]:  {
  key: {
    remoteJid: '51924516020@s.whatsapp.net',
    fromMe: false,
    id: '7DBEEBC0623F7B53D1',
    participant: undefined
  },
  messageTimestamp: 1725596505,
  pushName: 'Sabrina',
  broadcast: false,
  message: Message {
    extendedTextMessage: ExtendedTextMessage { text: 'xd', contextInfo: [ContextInfo] },
    messageContextInfo: MessageContextInfo {
      deviceListMetadata: [DeviceListMetadata],
      deviceListMetadataVersion: 2
    }
  },
  body: 'xd',
  from: '51924516020'
}
[handleMsg]:  {
  key: {
    remoteJid: '51924516020@s.whatsapp.net',
    fromMe: false,
    id: 'F8431D2A785D0AC8CA',
    participant: undefined
  },
  messageTimestamp: 1725596506,
  pushName: 'Sabrina',
  broadcast: false,
  message: Message {
    extendedTextMessage: ExtendedTextMessage { text: 'xd', contextInfo: [ContextInfo] },
    messageContextInfo: MessageContextInfo {
      deviceListMetadata: [DeviceListMetadata],
      deviceListMetadataVersion: 2
    }
  },
  status: 4,
  body: 'xd',
  from: '51924516020'
}
[QUEUE_SE_ENVIO]:  {
  ref: 'ans_9faca874-a5a1-43d8-a880-2b94d9bd511f',
  keyword: 'key_174b7a0c-d679-4538-aa1f-38457f5cc67f',
  answer: '__call_action__',
  options: {
    media: null,
    buttons: [],
    capture: false,
    child: null,
    delay: 0,
    idle: null,
    ref: null,
    nested: [],
    keyword: {},
    callback: true
  },
  refSerialize: '7883ced41a524936363daee9229988ec'
}
[QUEUE_SE_ENVIO]:  {
  ref: 'ans_9faca874-a5a1-43d8-a880-2b94d9bd511f',
  keyword: 'key_174b7a0c-d679-4538-aa1f-38457f5cc67f',
  answer: '__call_action__',
  options: {
    media: null,
    buttons: [],
    capture: false,
    child: null,
    delay: 0,
    idle: null,
    ref: null,
    nested: [],
    keyword: {},
    callback: true
  },
  refSerialize: '7883ced41a524936363daee9229988ec'
}
[QUEUE_SE_ENVIO]:  {
  ref: 'ans_9faca874-a5a1-43d8-a880-2b94d9bd511f',
  keyword: 'key_174b7a0c-d679-4538-aa1f-38457f5cc67f',
  answer: '__call_action__',
  options: {
    media: null,
    buttons: [],
    capture: false,
    child: null,
    delay: 0,
    idle: null,
    ref: null,
    nested: [],
    keyword: {},
    callback: true
  },
  refSerialize: '7883ced41a524936363daee9229988ec'
}
[handleMsg]:  {
  key: {
    remoteJid: '51924516020@s.whatsapp.net',
    fromMe: false,
    id: 'A0B9E9A748C5D425ED',
    participant: undefined
  },
  messageTimestamp: 1725596523,
  pushName: 'Sabrina',
  broadcast: false,
  message: Message {
    extendedTextMessage: ExtendedTextMessage { text: 'xd', contextInfo: [ContextInfo] },
    messageContextInfo: MessageContextInfo {
      deviceListMetadata: [DeviceListMetadata],
      deviceListMetadataVersion: 2
    }
  },
  body: 'xd',
  from: '51924516020'
}
[QUEUE_SE_ENVIO]:  {
  ref: 'ans_9faca874-a5a1-43d8-a880-2b94d9bd511f',
  keyword: 'key_174b7a0c-d679-4538-aa1f-38457f5cc67f',
  answer: '__call_action__',
  options: {
    media: null,
    buttons: [],
    capture: false,
    child: null,
    delay: 0,
    idle: null,
    ref: null,
    nested: [],
    keyword: {},
    callback: true
  },
  refSerialize: '7883ced41a524936363daee9229988ec'
}
[handleMsg]:  {
  key: {
    remoteJid: '51924516020@s.whatsapp.net',
    fromMe: false,
    id: '4C8586932CA8F60CD5',
    participant: undefined
  },
  messageTimestamp: 1725596537,
  pushName: 'Sabrina',
  broadcast: false,
  message: Message {
    extendedTextMessage: ExtendedTextMessage { text: 'xd', contextInfo: [ContextInfo] },
    messageContextInfo: MessageContextInfo {
      deviceListMetadata: [DeviceListMetadata],
      deviceListMetadataVersion: 2
    }
  },
  body: 'xd',
  from: '51924516020'
}
[QUEUE_SE_ENVIO]:  {
  ref: 'ans_9faca874-a5a1-43d8-a880-2b94d9bd511f',
  keyword: 'key_174b7a0c-d679-4538-aa1f-38457f5cc67f',
  answer: '__call_action__',
  options: {
    media: null,
    buttons: [],
    capture: false,
    child: null,
    delay: 0,
    idle: null,
    ref: null,
    nested: [],
    keyword: {},
    callback: true
  },
  refSerialize: '7883ced41a524936363daee9229988ec'
}
[handleMsg]:  {
  key: {
    remoteJid: '51924516020@s.whatsapp.net',
    fromMe: false,
    id: '1B8FEA7C8548A4A674',
    participant: undefined
  },
  messageTimestamp: 1725596555,
  pushName: 'Sabrina',
  broadcast: false,
  message: Message {
    extendedTextMessage: ExtendedTextMessage {
      text: 'bien doble sentido cuando dice ESPERO QUE TE ENCANTEN',
      contextInfo: [ContextInfo]
    },
    messageContextInfo: MessageContextInfo {
      deviceListMetadata: [DeviceListMetadata],
      deviceListMetadataVersion: 2
    }
  },
  body: 'bien doble sentido cuando dice ESPERO QUE TE ENCANTEN',
  from: '51924516020'
}
[QUEUE_SE_ENVIO]:  {
  ref: 'ans_9faca874-a5a1-43d8-a880-2b94d9bd511f',
  keyword: 'key_174b7a0c-d679-4538-aa1f-38457f5cc67f',
  answer: '__call_action__',
  options: {
    media: null,
    buttons: [],
    capture: false,
    child: null,
    delay: 0,
    idle: null,
    ref: null,
    nested: [],
    keyword: {},
    callback: true
  },
  refSerialize: '7883ced41a524936363daee9229988ec'
}
[handleMsg]:  {
  key: {
    remoteJid: '51924516020@s.whatsapp.net',
    fromMe: false,
    id: '7BED0B8C219EE4F49E',
    participant: undefined
  },
  messageTimestamp: 1725596704,
  pushName: 'Sabrina',
  broadcast: false,
  message: Message {
    extendedTextMessage: ExtendedTextMessage { text: 'hola', contextInfo: [ContextInfo] },
    messageContextInfo: MessageContextInfo {
      deviceListMetadata: [DeviceListMetadata],
      deviceListMetadataVersion: 2
    }
  },
  body: 'hola',
  from: '51924516020'
}
[QUEUE_SE_ENVIO]:  {
  ref: 'ans_9faca874-a5a1-43d8-a880-2b94d9bd511f',
  keyword: 'key_174b7a0c-d679-4538-aa1f-38457f5cc67f',
  answer: '__call_action__',
  options: {
    media: null,
    buttons: [],
    capture: false,
    child: null,
    delay: 0,
    idle: null,
    ref: null,
    nested: [],
    keyword: {},
    callback: true
  },
  refSerialize: '7883ced41a524936363daee9229988ec'
}
[handleMsg]:  {
  key: {
    remoteJid: '51924516020@s.whatsapp.net',
    fromMe: false,
    id: 'D9FA245ED8BD37BF0D',
    participant: undefined
  },
  messageTimestamp: 1725596715,
  pushName: 'Sabrina',
  broadcast: false,
  message: Message {
    extendedTextMessage: ExtendedTextMessage { text: 'carajo', contextInfo: [ContextInfo] },
    messageContextInfo: MessageContextInfo {
      deviceListMetadata: [DeviceListMetadata],
      deviceListMetadataVersion: 2
    }
  },
  body: 'carajo',
  from: '51924516020'
}
[QUEUE_SE_ENVIO]:  {
  ref: 'ans_9faca874-a5a1-43d8-a880-2b94d9bd511f',
  keyword: 'key_174b7a0c-d679-4538-aa1f-38457f5cc67f',
  answer: '__call_action__',
  options: {
    media: null,
    buttons: [],
    capture: false,
    child: null,
    delay: 0,
    idle: null,
    ref: null,
    nested: [],
    keyword: {},
    callback: true
  },
  refSerialize: '7883ced41a524936363daee9229988ec'
}
