[handleMsg]:  {
  key: {
    remoteJid: '51915016255@s.whatsapp.net',
    fromMe: false,
    id: '3EB0BC156DCBE302D25945',
    participant: undefined
  },
  messageTimestamp: 1732510122,
  pushName: 'Rei',
  broadcast: false,
  message: Message {
    imageMessage: ImageMessage {
      interactiveAnnotations: [],
      scanLengths: [],
      annotations: [],
      url: 'https://mmg.whatsapp.net/o1/v/t62.7118-24/f1/m233/up-oil-image-05d2f19f-e114-4d60-95b5-a3e12597fea3?ccb=9-4&oh=01_Q5AaIId2CiXpOdKSWTmsGyXz6PHoMtYMZMrAtZxv4A3Cgn-d&oe=676B6AD0&_nc_sid=e6ed6c&mms3=true',
      mimetype: 'image/jpeg',
      fileSha256: [Uint8Array],
      fileLength: [Long],
      height: 1280,
      width: 960,
      mediaKey: [Uint8Array],
      fileEncSha256: [Uint8Array],
      directPath: '/o1/v/t62.7118-24/f1/m233/up-oil-image-05d2f19f-e114-4d60-95b5-a3e12597fea3?ccb=9-4&oh=01_Q5AaIId2CiXpOdKSWTmsGyXz6PHoMtYMZMrAtZxv4A3Cgn-d&oe=676B6AD0&_nc_sid=e6ed6c',
      mediaKeyTimestamp: [Long],
      jpegThumbnail: [Uint8Array],
      viewOnce: false
    },
    messageContextInfo: MessageContextInfo {
      deviceListMetadata: [DeviceListMetadata],
      deviceListMetadataVersion: 2,
      messageSecret: [Uint8Array]
    }
  },
  body: '_event_media__69f5706a-c426-40b4-82e8-fb0fc4005f53',
  name: 'Rei',
  from: '51915016255',
  host: '51963253887'
}
[QUEUE_SE_ENVIO]:  {
  ref: 'ans_b104aefe-5640-4f70-bf95-695e72323520',
  keyword: 'key_a1cfa589-8298-4ece-bbc5-8c97e06f151b',
  answer: 'Leyendo imagen....',
  options: {
    media: undefined,
    buttons: [],
    capture: false,
    delay: 0,
    idle: undefined,
    ref: undefined,
    nested: [],
    keyword: {},
    callback: true
  },
  refSerialize: '92ba0b2f173b094815c2dff3e4614398'
}
[QUEUE_SE_ENVIO]:  {
  ref: 'ans_8fadbf74-df41-425c-b4df-fac7ecc9021b',
  keyword: 'ans_b104aefe-5640-4f70-bf95-695e72323520',
  answer: '__call_action__',
  options: {
    media: undefined,
    buttons: [],
    capture: false,
    delay: 0,
    idle: undefined,
    ref: undefined,
    nested: [],
    keyword: {},
    callback: true
  },
  refSerialize: '28d493a29de60afa2dcab3ae20dd252e'
}
[handleMsg]:  {
  key: {
    remoteJid: '51991576027@s.whatsapp.net',
    fromMe: false,
    id: '3EB08AABCD347CF475B742',
    participant: undefined
  },
  messageTimestamp: 1732510145,
  pushName: 'Franchesca Arzola',
  broadcast: false,
  message: Message {
    extendedTextMessage: ExtendedTextMessage {
      text: 'te llego un mensaje ?',
      contextInfo: [ContextInfo],
      inviteLinkGroupTypeV2: 0
    },
    messageContextInfo: MessageContextInfo {
      deviceListMetadata: [DeviceListMetadata],
      deviceListMetadataVersion: 2,
      messageSecret: [Uint8Array]
    }
  },
  body: 'te llego un mensaje ?',
  name: 'Franchesca Arzola',
  from: '51991576027',
  host: '51963253887'
}
[handleMsg]:  {
  key: {
    remoteJid: '51991576027@s.whatsapp.net',
    fromMe: false,
    id: '3EB0D7ECC418676582E305',
    participant: undefined
  },
  messageTimestamp: 1732510163,
  pushName: 'Franchesca Arzola',
  broadcast: false,
  message: Message {
    extendedTextMessage: ExtendedTextMessage {
      text: 'Yap , procede a cerrarlo , era el último',
      contextInfo: [ContextInfo],
      inviteLinkGroupTypeV2: 0
    },
    messageContextInfo: MessageContextInfo {
      deviceListMetadata: [DeviceListMetadata],
      deviceListMetadataVersion: 2,
      messageSecret: [Uint8Array]
    }
  },
  body: 'Yap , procede a cerrarlo , era el último',
  name: 'Franchesca Arzola',
  from: '51991576027',
  host: '51963253887'
}
